<?xml version="1.0" encoding="UTF-8"?>
<!-- Generated by org.testng.reporters.JUnitReportReporter -->
<testsuite name="org.testing.TestScripts.TC1" tests="1" time="1.151" ignored="0" failures="0" timestamp="26 Dec 2021 14:18:24 GMT" skipped="0" hostname="LAPTOP-ALVRLO6C" errors="0">
  <testcase name="testCase1" time="1.151" classname="org.testing.TestScripts.TC1"/>
</testsuite> <!-- org.testing.TestScripts.TC1 -->
