<?xml version="1.0" encoding="UTF-8"?>
<!-- Generated by org.testng.reporters.JUnitReportReporter -->
<testsuite name="org.testing.TestScripts.TC3" tests="1" time="0.048" ignored="0" failures="0" timestamp="26 Dec 2021 14:18:24 GMT" skipped="0" hostname="LAPTOP-ALVRLO6C" errors="0">
  <testcase name="testCase3" time="0.048" classname="org.testing.TestScripts.TC3"/>
</testsuite> <!-- org.testing.TestScripts.TC3 -->
